<?xml version="1.0" encoding="UTF-8"?>
<coverage generated="1677760175483" clover="3.2.0">
  <project timestamp="1677760175484" name="All files">
    <metrics statements="114" coveredstatements="84" conditionals="21" coveredconditionals="9" methods="23" coveredmethods="17" elements="158" coveredelements="110" complexity="0" loc="114" ncloc="114" packages="1" files="2" classes="2"/>
    <file name="renderTask.js" path="C:\Users\admin\MICROVERS-CLASS\MODULE-2-\To-do-list.github.io\src\modules\renderTask.js">
      <metrics statements="83" coveredstatements="53" conditionals="11" coveredconditionals="2" methods="13" coveredmethods="7"/>
      <line num="11" count="2" type="stmt"/>
      <line num="12" count="1" type="stmt"/>
      <line num="15" count="2" type="stmt"/>
      <line num="17" count="2" type="stmt"/>
      <line num="18" count="21" type="stmt"/>
      <line num="19" count="21" type="stmt"/>
      <line num="21" count="21" type="stmt"/>
      <line num="22" count="39" type="stmt"/>
      <line num="23" count="39" type="stmt"/>
      <line num="24" count="39" type="stmt"/>
      <line num="25" count="39" type="stmt"/>
      <line num="27" count="39" type="stmt"/>
      <line num="28" count="39" type="stmt"/>
      <line num="29" count="39" type="stmt"/>
      <line num="30" count="39" type="stmt"/>
      <line num="32" count="39" type="stmt"/>
      <line num="33" count="39" type="stmt"/>
      <line num="34" count="39" type="cond" truecount="2" falsecount="0"/>
      <line num="36" count="39" type="stmt"/>
      <line num="37" count="39" type="stmt"/>
      <line num="38" count="39" type="stmt"/>
      <line num="39" count="39" type="stmt"/>
      <line num="41" count="39" type="stmt"/>
      <line num="42" count="39" type="stmt"/>
      <line num="43" count="39" type="stmt"/>
      <line num="44" count="39" type="stmt"/>
      <line num="45" count="39" type="stmt"/>
      <line num="46" count="2" type="stmt"/>
      <line num="47" count="2" type="stmt"/>
      <line num="50" count="39" type="stmt"/>
      <line num="51" count="39" type="stmt"/>
      <line num="52" count="39" type="stmt"/>
      <line num="53" count="39" type="stmt"/>
      <line num="54" count="39" type="stmt"/>
      <line num="55" count="39" type="stmt"/>
      <line num="56" count="39" type="stmt"/>
      <line num="58" count="39" type="stmt"/>
      <line num="59" count="0" type="stmt"/>
      <line num="60" count="0" type="stmt"/>
      <line num="61" count="0" type="stmt"/>
      <line num="62" count="0" type="stmt"/>
      <line num="63" count="0" type="stmt"/>
      <line num="64" count="0" type="stmt"/>
      <line num="67" count="39" type="stmt"/>
      <line num="68" count="0" type="stmt"/>
      <line num="69" count="0" type="stmt"/>
      <line num="70" count="0" type="stmt"/>
      <line num="71" count="0" type="stmt"/>
      <line num="72" count="0" type="stmt"/>
      <line num="73" count="0" type="stmt"/>
      <line num="76" count="39" type="stmt"/>
      <line num="77" count="39" type="stmt"/>
      <line num="78" count="39" type="stmt"/>
      <line num="79" count="39" type="stmt"/>
      <line num="80" count="39" type="stmt"/>
      <line num="81" count="39" type="stmt"/>
      <line num="83" count="39" type="stmt"/>
      <line num="87" count="2" type="stmt"/>
      <line num="89" count="13" type="stmt"/>
      <line num="92" count="2" type="stmt"/>
      <line num="93" count="1" type="stmt"/>
      <line num="96" count="2" type="stmt"/>
      <line num="97" count="0" type="stmt"/>
      <line num="100" count="2" type="stmt"/>
      <line num="102" count="2" type="stmt"/>
      <line num="103" count="0" type="stmt"/>
      <line num="104" count="0" type="stmt"/>
      <line num="105" count="0" type="stmt"/>
      <line num="106" count="0" type="cond" truecount="0" falsecount="5"/>
      <line num="107" count="0" type="stmt"/>
      <line num="108" count="0" type="stmt"/>
      <line num="109" count="0" type="stmt"/>
      <line num="110" count="0" type="stmt"/>
      <line num="114" count="0" type="stmt"/>
      <line num="117" count="0" type="stmt"/>
      <line num="118" count="0" type="stmt"/>
      <line num="119" count="0" type="stmt"/>
      <line num="123" count="2" type="stmt"/>
      <line num="124" count="0" type="stmt"/>
      <line num="125" count="0" type="stmt"/>
      <line num="126" count="0" type="cond" truecount="0" falsecount="2"/>
      <line num="127" count="0" type="stmt"/>
      <line num="128" count="0" type="stmt"/>
    </file>
    <file name="storage.js" path="C:\Users\admin\MICROVERS-CLASS\MODULE-2-\To-do-list.github.io\src\modules\storage.js">
      <metrics statements="31" coveredstatements="31" conditionals="10" coveredconditionals="7" methods="10" coveredmethods="10"/>
      <line num="1" count="23" type="stmt"/>
      <line num="3" count="2" type="stmt"/>
      <line num="4" count="23" type="stmt"/>
      <line num="5" count="23" type="cond" truecount="2" falsecount="0"/>
      <line num="6" count="21" type="stmt"/>
      <line num="8" count="2" type="stmt"/>
      <line num="11" count="2" type="stmt"/>
      <line num="12" count="4" type="stmt"/>
      <line num="13" count="8" type="stmt"/>
      <line num="15" count="4" type="stmt"/>
      <line num="16" count="4" type="stmt"/>
      <line num="19" count="2" type="stmt"/>
      <line num="20" count="1" type="stmt"/>
      <line num="21" count="1" type="stmt"/>
      <line num="22" count="1" type="stmt"/>
      <line num="23" count="1" type="stmt"/>
      <line num="26" count="2" type="stmt"/>
      <line num="27" count="2" type="stmt"/>
      <line num="28" count="1" type="stmt"/>
      <line num="31" count="3" type="stmt"/>
      <line num="33" count="2" type="stmt"/>
      <line num="34" count="13" type="cond" truecount="1" falsecount="1"/>
      <line num="35" count="13" type="stmt"/>
      <line num="36" count="13" type="stmt"/>
      <line num="37" count="13" type="stmt"/>
      <line num="40" count="2" type="cond" truecount="1" falsecount="1"/>
      <line num="42" count="3" type="stmt"/>
      <line num="43" count="3" type="cond" truecount="2" falsecount="0"/>
      <line num="44" count="2" type="cond" truecount="1" falsecount="1"/>
      <line num="45" count="3" type="stmt"/>
      <line num="46" count="3" type="stmt"/>
    </file>
  </project>
</coverage>
