{"C:\\xampp\\htdocs\\microverse\\module_2\\pair\\To-do-list.github.io\\src\\modules\\renderTask.js": {"path":"C:\\xampp\\htdocs\\microverse\\module_2\\pair\\To-do-list.github.io\\src\\modules\\renderTask.js","statementMap":{"0":{"start":{"line":5,"column":23},"end":{"line":80,"column":1}},"1":{"start":{"line":6,"column":19},"end":{"line":6,"column":54}},"2":{"start":{"line":7,"column":2},"end":{"line":7,"column":26}},"3":{"start":{"line":9,"column":2},"end":{"line":79,"column":5}},"4":{"start":{"line":10,"column":24},"end":{"line":10,"column":52}},"5":{"start":{"line":11,"column":4},"end":{"line":11,"column":35}},"6":{"start":{"line":12,"column":4},"end":{"line":12,"column":33}},"7":{"start":{"line":13,"column":4},"end":{"line":13,"column":43}},"8":{"start":{"line":15,"column":25},"end":{"line":15,"column":56}},"9":{"start":{"line":16,"column":4},"end":{"line":16,"column":35}},"10":{"start":{"line":17,"column":4},"end":{"line":17,"column":42}},"11":{"start":{"line":18,"column":4},"end":{"line":22,"column":7}},"12":{"start":{"line":19,"column":6},"end":{"line":19,"column":52}},"13":{"start":{"line":20,"column":6},"end":{"line":20,"column":23}},"14":{"start":{"line":21,"column":6},"end":{"line":21,"column":28}},"15":{"start":{"line":24,"column":22},"end":{"line":24,"column":53}},"16":{"start":{"line":25,"column":4},"end":{"line":25,"column":45}},"17":{"start":{"line":26,"column":4},"end":{"line":26,"column":55}},"18":{"start":{"line":28,"column":22},"end":{"line":28,"column":53}},"19":{"start":{"line":29,"column":4},"end":{"line":29,"column":28}},"20":{"start":{"line":30,"column":4},"end":{"line":30,"column":36}},"21":{"start":{"line":31,"column":4},"end":{"line":31,"column":31}},"22":{"start":{"line":33,"column":29},"end":{"line":33,"column":61}},"23":{"start":{"line":34,"column":4},"end":{"line":34,"column":37}},"24":{"start":{"line":35,"column":4},"end":{"line":35,"column":42}},"25":{"start":{"line":36,"column":4},"end":{"line":36,"column":63}},"26":{"start":{"line":37,"column":4},"end":{"line":42,"column":7}},"27":{"start":{"line":38,"column":6},"end":{"line":38,"column":29}},"28":{"start":{"line":39,"column":6},"end":{"line":39,"column":25}},"29":{"start":{"line":40,"column":6},"end":{"line":40,"column":23}},"30":{"start":{"line":41,"column":6},"end":{"line":41,"column":28}},"31":{"start":{"line":43,"column":27},"end":{"line":43,"column":59}},"32":{"start":{"line":44,"column":4},"end":{"line":44,"column":35}},"33":{"start":{"line":45,"column":4},"end":{"line":45,"column":62}},"34":{"start":{"line":46,"column":27},"end":{"line":46,"column":59}},"35":{"start":{"line":47,"column":4},"end":{"line":47,"column":35}},"36":{"start":{"line":48,"column":4},"end":{"line":48,"column":64}},"37":{"start":{"line":49,"column":4},"end":{"line":49,"column":41}},"38":{"start":{"line":51,"column":4},"end":{"line":58,"column":7}},"39":{"start":{"line":52,"column":6},"end":{"line":52,"column":49}},"40":{"start":{"line":53,"column":6},"end":{"line":53,"column":44}},"41":{"start":{"line":54,"column":6},"end":{"line":54,"column":46}},"42":{"start":{"line":55,"column":6},"end":{"line":55,"column":24}},"43":{"start":{"line":56,"column":6},"end":{"line":56,"column":41}},"44":{"start":{"line":57,"column":6},"end":{"line":57,"column":46}},"45":{"start":{"line":60,"column":4},"end":{"line":69,"column":7}},"46":{"start":{"line":61,"column":6},"end":{"line":61,"column":46}},"47":{"start":{"line":62,"column":6},"end":{"line":62,"column":41}},"48":{"start":{"line":63,"column":6},"end":{"line":63,"column":46}},"49":{"start":{"line":64,"column":6},"end":{"line":64,"column":49}},"50":{"start":{"line":65,"column":6},"end":{"line":65,"column":44}},"51":{"start":{"line":66,"column":6},"end":{"line":66,"column":49}},"52":{"start":{"line":67,"column":6},"end":{"line":67,"column":23}},"53":{"start":{"line":68,"column":6},"end":{"line":68,"column":28}},"54":{"start":{"line":71,"column":4},"end":{"line":71,"column":42}},"55":{"start":{"line":72,"column":4},"end":{"line":72,"column":39}},"56":{"start":{"line":73,"column":4},"end":{"line":73,"column":39}},"57":{"start":{"line":74,"column":4},"end":{"line":74,"column":44}},"58":{"start":{"line":75,"column":4},"end":{"line":75,"column":44}},"59":{"start":{"line":76,"column":4},"end":{"line":76,"column":46}},"60":{"start":{"line":78,"column":4},"end":{"line":78,"column":38}},"61":{"start":{"line":82,"column":16},"end":{"line":87,"column":1}},"62":{"start":{"line":83,"column":15},"end":{"line":83,"column":79}},"63":{"start":{"line":84,"column":2},"end":{"line":84,"column":19}},"64":{"start":{"line":85,"column":2},"end":{"line":85,"column":19}},"65":{"start":{"line":86,"column":2},"end":{"line":86,"column":24}}},"fnMap":{"0":{"name":"(anonymous_0)","decl":{"start":{"line":5,"column":23},"end":{"line":5,"column":24}},"loc":{"start":{"line":5,"column":34},"end":{"line":80,"column":1}},"line":5},"1":{"name":"(anonymous_1)","decl":{"start":{"line":9,"column":16},"end":{"line":9,"column":17}},"loc":{"start":{"line":9,"column":33},"end":{"line":79,"column":3}},"line":9},"2":{"name":"(anonymous_2)","decl":{"start":{"line":18,"column":44},"end":{"line":18,"column":45}},"loc":{"start":{"line":18,"column":55},"end":{"line":22,"column":5}},"line":18},"3":{"name":"(anonymous_3)","decl":{"start":{"line":37,"column":47},"end":{"line":37,"column":48}},"loc":{"start":{"line":37,"column":53},"end":{"line":42,"column":5}},"line":37},"4":{"name":"(anonymous_4)","decl":{"start":{"line":51,"column":45},"end":{"line":51,"column":46}},"loc":{"start":{"line":51,"column":51},"end":{"line":58,"column":5}},"line":51},"5":{"name":"(anonymous_5)","decl":{"start":{"line":60,"column":45},"end":{"line":60,"column":46}},"loc":{"start":{"line":60,"column":51},"end":{"line":69,"column":5}},"line":60},"6":{"name":"(anonymous_6)","decl":{"start":{"line":82,"column":16},"end":{"line":82,"column":17}},"loc":{"start":{"line":82,"column":33},"end":{"line":87,"column":1}},"line":82}},"branchMap":{"0":{"loc":{"start":{"line":26,"column":26},"end":{"line":26,"column":54}},"type":"cond-expr","locations":[{"start":{"line":26,"column":43},"end":{"line":26,"column":49}},{"start":{"line":26,"column":52},"end":{"line":26,"column":54}}],"line":26}},"s":{"0":1,"1":5,"2":5,"3":5,"4":7,"5":7,"6":7,"7":7,"8":7,"9":7,"10":7,"11":7,"12":0,"13":0,"14":0,"15":7,"16":7,"17":7,"18":7,"19":7,"20":7,"21":7,"22":7,"23":7,"24":7,"25":7,"26":7,"27":2,"28":2,"29":2,"30":2,"31":7,"32":7,"33":7,"34":7,"35":7,"36":7,"37":7,"38":7,"39":0,"40":0,"41":0,"42":0,"43":0,"44":0,"45":7,"46":0,"47":0,"48":0,"49":0,"50":0,"51":0,"52":0,"53":0,"54":7,"55":7,"56":7,"57":7,"58":7,"59":7,"60":7,"61":1,"62":1,"63":1,"64":1,"65":1},"f":{"0":5,"1":7,"2":0,"3":2,"4":0,"5":0,"6":1},"b":{"0":[0,7]},"_coverageSchema":"1a1c01bbd47fc00a2c39e90264f33305004495a9","hash":"865872de41b7ef829a4c3ea1f185a8324031a398"}
,"C:\\xampp\\htdocs\\microverse\\module_2\\pair\\To-do-list.github.io\\src\\modules\\storage.js": {"path":"C:\\xampp\\htdocs\\microverse\\module_2\\pair\\To-do-list.github.io\\src\\modules\\storage.js","statementMap":{"0":{"start":{"line":1,"column":18},"end":{"line":3,"column":1}},"1":{"start":{"line":2,"column":2},"end":{"line":2,"column":55}},"2":{"start":{"line":5,"column":18},"end":{"line":11,"column":1}},"3":{"start":{"line":6,"column":20},"end":{"line":6,"column":49}},"4":{"start":{"line":7,"column":2},"end":{"line":9,"column":3}},"5":{"start":{"line":8,"column":4},"end":{"line":8,"column":33}},"6":{"start":{"line":10,"column":2},"end":{"line":10,"column":12}}},"fnMap":{"0":{"name":"(anonymous_0)","decl":{"start":{"line":1,"column":18},"end":{"line":1,"column":19}},"loc":{"start":{"line":1,"column":29},"end":{"line":3,"column":1}},"line":1},"1":{"name":"(anonymous_1)","decl":{"start":{"line":5,"column":18},"end":{"line":5,"column":19}},"loc":{"start":{"line":5,"column":24},"end":{"line":11,"column":1}},"line":5}},"branchMap":{"0":{"loc":{"start":{"line":7,"column":2},"end":{"line":9,"column":3}},"type":"if","locations":[{"start":{"line":7,"column":2},"end":{"line":9,"column":3}},{"start":{},"end":{}}],"line":7}},"s":{"0":1,"1":3,"2":1,"3":0,"4":0,"5":0,"6":0},"f":{"0":3,"1":0},"b":{"0":[0,0]},"_coverageSchema":"1a1c01bbd47fc00a2c39e90264f33305004495a9","hash":"b02ef4ad7444c3f1118837fad447e3cbb98435f9"}
,"C:\\xampp\\htdocs\\microverse\\module_2\\pair\\To-do-list.github.io\\src\\modules\\updateIndex.js": {"path":"C:\\xampp\\htdocs\\microverse\\module_2\\pair\\To-do-list.github.io\\src\\modules\\updateIndex.js","statementMap":{"0":{"start":{"line":2,"column":20},"end":{"line":7,"column":1}},"1":{"start":{"line":3,"column":2},"end":{"line":5,"column":5}},"2":{"start":{"line":4,"column":4},"end":{"line":4,"column":30}},"3":{"start":{"line":6,"column":2},"end":{"line":6,"column":15}}},"fnMap":{"0":{"name":"(anonymous_0)","decl":{"start":{"line":2,"column":20},"end":{"line":2,"column":21}},"loc":{"start":{"line":2,"column":31},"end":{"line":7,"column":1}},"line":2},"1":{"name":"(anonymous_1)","decl":{"start":{"line":3,"column":16},"end":{"line":3,"column":17}},"loc":{"start":{"line":3,"column":36},"end":{"line":5,"column":3}},"line":3}},"branchMap":{},"s":{"0":1,"1":2,"2":2,"3":2},"f":{"0":2,"1":2},"b":{},"_coverageSchema":"1a1c01bbd47fc00a2c39e90264f33305004495a9","hash":"8c3f05072343b97ede43f72bdeded80809a2140a"}
}
