{"C:\\xampp\\htdocs\\microverse\\module_2\\pair\\To-do-list.github.io\\src\\modules\\renderTask.js": {"path":"C:\\xampp\\htdocs\\microverse\\module_2\\pair\\To-do-list.github.io\\src\\modules\\renderTask.js","statementMap":{"0":{"start":{"line":11,"column":17},"end":{"line":13,"column":1}},"1":{"start":{"line":12,"column":2},"end":{"line":12,"column":41}},"2":{"start":{"line":15,"column":21},"end":{"line":15,"column":70}},"3":{"start":{"line":15,"column":32},"end":{"line":15,"column":70}},"4":{"start":{"line":17,"column":23},"end":{"line":85,"column":1}},"5":{"start":{"line":18,"column":19},"end":{"line":18,"column":54}},"6":{"start":{"line":19,"column":2},"end":{"line":19,"column":26}},"7":{"start":{"line":21,"column":2},"end":{"line":84,"column":5}},"8":{"start":{"line":22,"column":24},"end":{"line":22,"column":52}},"9":{"start":{"line":23,"column":4},"end":{"line":23,"column":35}},"10":{"start":{"line":24,"column":4},"end":{"line":24,"column":33}},"11":{"start":{"line":25,"column":4},"end":{"line":25,"column":43}},"12":{"start":{"line":27,"column":25},"end":{"line":27,"column":56}},"13":{"start":{"line":28,"column":4},"end":{"line":28,"column":35}},"14":{"start":{"line":29,"column":4},"end":{"line":29,"column":42}},"15":{"start":{"line":30,"column":4},"end":{"line":30,"column":71}},"16":{"start":{"line":30,"column":50},"end":{"line":30,"column":69}},"17":{"start":{"line":32,"column":22},"end":{"line":32,"column":53}},"18":{"start":{"line":33,"column":4},"end":{"line":33,"column":45}},"19":{"start":{"line":34,"column":4},"end":{"line":34,"column":55}},"20":{"start":{"line":36,"column":22},"end":{"line":36,"column":53}},"21":{"start":{"line":37,"column":4},"end":{"line":37,"column":28}},"22":{"start":{"line":38,"column":4},"end":{"line":38,"column":36}},"23":{"start":{"line":39,"column":4},"end":{"line":39,"column":31}},"24":{"start":{"line":41,"column":29},"end":{"line":41,"column":61}},"25":{"start":{"line":42,"column":4},"end":{"line":42,"column":37}},"26":{"start":{"line":43,"column":4},"end":{"line":43,"column":42}},"27":{"start":{"line":44,"column":4},"end":{"line":44,"column":63}},"28":{"start":{"line":45,"column":4},"end":{"line":48,"column":7}},"29":{"start":{"line":46,"column":6},"end":{"line":46,"column":29}},"30":{"start":{"line":47,"column":6},"end":{"line":47,"column":41}},"31":{"start":{"line":50,"column":27},"end":{"line":50,"column":59}},"32":{"start":{"line":51,"column":4},"end":{"line":51,"column":35}},"33":{"start":{"line":52,"column":4},"end":{"line":52,"column":62}},"34":{"start":{"line":53,"column":27},"end":{"line":53,"column":59}},"35":{"start":{"line":54,"column":4},"end":{"line":54,"column":35}},"36":{"start":{"line":55,"column":4},"end":{"line":55,"column":64}},"37":{"start":{"line":56,"column":4},"end":{"line":56,"column":41}},"38":{"start":{"line":58,"column":4},"end":{"line":65,"column":7}},"39":{"start":{"line":59,"column":6},"end":{"line":59,"column":49}},"40":{"start":{"line":60,"column":6},"end":{"line":60,"column":44}},"41":{"start":{"line":61,"column":6},"end":{"line":61,"column":46}},"42":{"start":{"line":62,"column":6},"end":{"line":62,"column":24}},"43":{"start":{"line":63,"column":6},"end":{"line":63,"column":41}},"44":{"start":{"line":64,"column":6},"end":{"line":64,"column":46}},"45":{"start":{"line":67,"column":4},"end":{"line":74,"column":7}},"46":{"start":{"line":68,"column":6},"end":{"line":68,"column":46}},"47":{"start":{"line":69,"column":6},"end":{"line":69,"column":41}},"48":{"start":{"line":70,"column":6},"end":{"line":70,"column":46}},"49":{"start":{"line":71,"column":6},"end":{"line":71,"column":44}},"50":{"start":{"line":72,"column":6},"end":{"line":72,"column":49}},"51":{"start":{"line":73,"column":6},"end":{"line":73,"column":39}},"52":{"start":{"line":76,"column":4},"end":{"line":76,"column":42}},"53":{"start":{"line":77,"column":4},"end":{"line":77,"column":39}},"54":{"start":{"line":78,"column":4},"end":{"line":78,"column":39}},"55":{"start":{"line":79,"column":4},"end":{"line":79,"column":44}},"56":{"start":{"line":80,"column":4},"end":{"line":80,"column":44}},"57":{"start":{"line":81,"column":4},"end":{"line":81,"column":46}},"58":{"start":{"line":83,"column":4},"end":{"line":83,"column":38}},"59":{"start":{"line":87,"column":16},"end":{"line":90,"column":1}},"60":{"start":{"line":89,"column":2},"end":{"line":89,"column":33}},"61":{"start":{"line":92,"column":28},"end":{"line":94,"column":1}},"62":{"start":{"line":93,"column":2},"end":{"line":93,"column":41}},"63":{"start":{"line":96,"column":24},"end":{"line":98,"column":1}},"64":{"start":{"line":97,"column":2},"end":{"line":97,"column":41}},"65":{"start":{"line":100,"column":21},"end":{"line":100,"column":23}},"66":{"start":{"line":102,"column":23},"end":{"line":121,"column":1}},"67":{"start":{"line":103,"column":2},"end":{"line":103,"column":25}},"68":{"start":{"line":104,"column":22},"end":{"line":104,"column":51}},"69":{"start":{"line":105,"column":26},"end":{"line":105,"column":61}},"70":{"start":{"line":106,"column":2},"end":{"line":120,"column":3}},"71":{"start":{"line":107,"column":28},"end":{"line":107,"column":63}},"72":{"start":{"line":108,"column":18},"end":{"line":108,"column":53}},"73":{"start":{"line":109,"column":20},"end":{"line":109,"column":54}},"74":{"start":{"line":110,"column":4},"end":{"line":113,"column":6}},"75":{"start":{"line":114,"column":21},"end":{"line":116,"column":5}},"76":{"start":{"line":117,"column":4},"end":{"line":117,"column":16}},"77":{"start":{"line":118,"column":21},"end":{"line":118,"column":63}},"78":{"start":{"line":119,"column":4},"end":{"line":119,"column":46}},"79":{"start":{"line":123,"column":22},"end":{"line":130,"column":1}},"80":{"start":{"line":124,"column":2},"end":{"line":124,"column":25}},"81":{"start":{"line":125,"column":2},"end":{"line":125,"column":44}},"82":{"start":{"line":126,"column":2},"end":{"line":129,"column":3}},"83":{"start":{"line":127,"column":4},"end":{"line":127,"column":68}},"84":{"start":{"line":128,"column":4},"end":{"line":128,"column":24}}},"fnMap":{"0":{"name":"(anonymous_0)","decl":{"start":{"line":11,"column":17},"end":{"line":11,"column":18}},"loc":{"start":{"line":11,"column":35},"end":{"line":13,"column":1}},"line":11},"1":{"name":"(anonymous_1)","decl":{"start":{"line":15,"column":21},"end":{"line":15,"column":22}},"loc":{"start":{"line":15,"column":32},"end":{"line":15,"column":70}},"line":15},"2":{"name":"(anonymous_2)","decl":{"start":{"line":17,"column":23},"end":{"line":17,"column":24}},"loc":{"start":{"line":17,"column":34},"end":{"line":85,"column":1}},"line":17},"3":{"name":"(anonymous_3)","decl":{"start":{"line":21,"column":16},"end":{"line":21,"column":17}},"loc":{"start":{"line":21,"column":33},"end":{"line":84,"column":3}},"line":21},"4":{"name":"(anonymous_4)","decl":{"start":{"line":30,"column":44},"end":{"line":30,"column":45}},"loc":{"start":{"line":30,"column":50},"end":{"line":30,"column":69}},"line":30},"5":{"name":"(anonymous_5)","decl":{"start":{"line":45,"column":47},"end":{"line":45,"column":48}},"loc":{"start":{"line":45,"column":53},"end":{"line":48,"column":5}},"line":45},"6":{"name":"(anonymous_6)","decl":{"start":{"line":58,"column":45},"end":{"line":58,"column":46}},"loc":{"start":{"line":58,"column":51},"end":{"line":65,"column":5}},"line":58},"7":{"name":"(anonymous_7)","decl":{"start":{"line":67,"column":45},"end":{"line":67,"column":46}},"loc":{"start":{"line":67,"column":51},"end":{"line":74,"column":5}},"line":67},"8":{"name":"(anonymous_8)","decl":{"start":{"line":87,"column":16},"end":{"line":87,"column":17}},"loc":{"start":{"line":87,"column":26},"end":{"line":90,"column":1}},"line":87},"9":{"name":"(anonymous_9)","decl":{"start":{"line":92,"column":28},"end":{"line":92,"column":29}},"loc":{"start":{"line":92,"column":34},"end":{"line":94,"column":1}},"line":92},"10":{"name":"(anonymous_10)","decl":{"start":{"line":96,"column":24},"end":{"line":96,"column":25}},"loc":{"start":{"line":96,"column":35},"end":{"line":98,"column":1}},"line":96},"11":{"name":"(anonymous_11)","decl":{"start":{"line":102,"column":23},"end":{"line":102,"column":24}},"loc":{"start":{"line":102,"column":44},"end":{"line":121,"column":1}},"line":102},"12":{"name":"(anonymous_12)","decl":{"start":{"line":123,"column":22},"end":{"line":123,"column":23}},"loc":{"start":{"line":123,"column":33},"end":{"line":130,"column":1}},"line":123}},"branchMap":{"0":{"loc":{"start":{"line":34,"column":26},"end":{"line":34,"column":54}},"type":"cond-expr","locations":[{"start":{"line":34,"column":43},"end":{"line":34,"column":49}},{"start":{"line":34,"column":52},"end":{"line":34,"column":54}}],"line":34},"1":{"loc":{"start":{"line":106,"column":2},"end":{"line":120,"column":3}},"type":"if","locations":[{"start":{"line":106,"column":2},"end":{"line":120,"column":3}},{"start":{},"end":{}}],"line":106},"2":{"loc":{"start":{"line":106,"column":6},"end":{"line":106,"column":71}},"type":"binary-expr","locations":[{"start":{"line":106,"column":6},"end":{"line":106,"column":17}},{"start":{"line":106,"column":21},"end":{"line":106,"column":36}},{"start":{"line":106,"column":40},"end":{"line":106,"column":71}}],"line":106},"3":{"loc":{"start":{"line":112,"column":6},"end":{"line":112,"column":53}},"type":"cond-expr","locations":[{"start":{"line":112,"column":16},"end":{"line":112,"column":39}},{"start":{"line":112,"column":42},"end":{"line":112,"column":53}}],"line":112},"4":{"loc":{"start":{"line":126,"column":2},"end":{"line":129,"column":3}},"type":"if","locations":[{"start":{"line":126,"column":2},"end":{"line":129,"column":3}},{"start":{},"end":{}}],"line":126}},"s":{"0":2,"1":1,"2":2,"3":2,"4":2,"5":21,"6":21,"7":21,"8":39,"9":39,"10":39,"11":39,"12":39,"13":39,"14":39,"15":39,"16":0,"17":39,"18":39,"19":39,"20":39,"21":39,"22":39,"23":39,"24":39,"25":39,"26":39,"27":39,"28":39,"29":2,"30":2,"31":39,"32":39,"33":39,"34":39,"35":39,"36":39,"37":39,"38":39,"39":0,"40":0,"41":0,"42":0,"43":0,"44":0,"45":39,"46":0,"47":0,"48":0,"49":0,"50":0,"51":0,"52":39,"53":39,"54":39,"55":39,"56":39,"57":39,"58":39,"59":2,"60":13,"61":2,"62":1,"63":2,"64":0,"65":2,"66":2,"67":0,"68":0,"69":0,"70":0,"71":0,"72":0,"73":0,"74":0,"75":0,"76":0,"77":0,"78":0,"79":2,"80":0,"81":0,"82":0,"83":0,"84":0},"f":{"0":1,"1":2,"2":21,"3":39,"4":0,"5":2,"6":0,"7":0,"8":13,"9":1,"10":0,"11":0,"12":0},"b":{"0":[2,37],"1":[0,0],"2":[0,0,0],"3":[0,0],"4":[0,0]},"_coverageSchema":"1a1c01bbd47fc00a2c39e90264f33305004495a9","hash":"b4032246e7248309a2bd27e895ecedd1241803b8"}
,"C:\\xampp\\htdocs\\microverse\\module_2\\pair\\To-do-list.github.io\\src\\modules\\storage.js": {"path":"C:\\xampp\\htdocs\\microverse\\module_2\\pair\\To-do-list.github.io\\src\\modules\\storage.js","statementMap":{"0":{"start":{"line":1,"column":13},"end":{"line":1,"column":76}},"1":{"start":{"line":1,"column":24},"end":{"line":1,"column":76}},"2":{"start":{"line":3,"column":18},"end":{"line":9,"column":1}},"3":{"start":{"line":4,"column":20},"end":{"line":4,"column":49}},"4":{"start":{"line":5,"column":2},"end":{"line":7,"column":3}},"5":{"start":{"line":6,"column":4},"end":{"line":6,"column":33}},"6":{"start":{"line":8,"column":2},"end":{"line":8,"column":12}},"7":{"start":{"line":11,"column":20},"end":{"line":17,"column":1}},"8":{"start":{"line":12,"column":2},"end":{"line":14,"column":5}},"9":{"start":{"line":13,"column":4},"end":{"line":13,"column":30}},"10":{"start":{"line":15,"column":2},"end":{"line":15,"column":14}},"11":{"start":{"line":16,"column":2},"end":{"line":16,"column":15}},"12":{"start":{"line":19,"column":18},"end":{"line":24,"column":1}},"13":{"start":{"line":20,"column":16},"end":{"line":20,"column":27}},"14":{"start":{"line":21,"column":2},"end":{"line":21,"column":58}},"15":{"start":{"line":22,"column":2},"end":{"line":22,"column":21}},"16":{"start":{"line":23,"column":2},"end":{"line":23,"column":15}},"17":{"start":{"line":26,"column":29},"end":{"line":29,"column":1}},"18":{"start":{"line":27,"column":16},"end":{"line":27,"column":61}},"19":{"start":{"line":27,"column":45},"end":{"line":27,"column":60}},"20":{"start":{"line":28,"column":2},"end":{"line":28,"column":28}},"21":{"start":{"line":31,"column":18},"end":{"line":31,"column":40}},"22":{"start":{"line":31,"column":29},"end":{"line":31,"column":40}},"23":{"start":{"line":33,"column":17},"end":{"line":38,"column":1}},"24":{"start":{"line":34,"column":16},"end":{"line":34,"column":33}},"25":{"start":{"line":35,"column":2},"end":{"line":35,"column":79}},"26":{"start":{"line":36,"column":2},"end":{"line":36,"column":14}},"27":{"start":{"line":37,"column":2},"end":{"line":37,"column":15}},"28":{"start":{"line":40,"column":17},"end":{"line":47,"column":1}},"29":{"start":{"line":42,"column":16},"end":{"line":42,"column":27}},"30":{"start":{"line":43,"column":2},"end":{"line":44,"column":75}},"31":{"start":{"line":43,"column":21},"end":{"line":43,"column":54}},"32":{"start":{"line":44,"column":7},"end":{"line":44,"column":75}},"33":{"start":{"line":44,"column":26},"end":{"line":44,"column":75}},"34":{"start":{"line":45,"column":2},"end":{"line":45,"column":14}},"35":{"start":{"line":46,"column":2},"end":{"line":46,"column":15}}},"fnMap":{"0":{"name":"(anonymous_0)","decl":{"start":{"line":1,"column":13},"end":{"line":1,"column":14}},"loc":{"start":{"line":1,"column":24},"end":{"line":1,"column":76}},"line":1},"1":{"name":"(anonymous_1)","decl":{"start":{"line":3,"column":18},"end":{"line":3,"column":19}},"loc":{"start":{"line":3,"column":24},"end":{"line":9,"column":1}},"line":3},"2":{"name":"(anonymous_2)","decl":{"start":{"line":11,"column":20},"end":{"line":11,"column":21}},"loc":{"start":{"line":11,"column":31},"end":{"line":17,"column":1}},"line":11},"3":{"name":"(anonymous_3)","decl":{"start":{"line":12,"column":16},"end":{"line":12,"column":17}},"loc":{"start":{"line":12,"column":36},"end":{"line":14,"column":3}},"line":12},"4":{"name":"(anonymous_4)","decl":{"start":{"line":19,"column":18},"end":{"line":19,"column":19}},"loc":{"start":{"line":19,"column":42},"end":{"line":24,"column":1}},"line":19},"5":{"name":"(anonymous_5)","decl":{"start":{"line":26,"column":29},"end":{"line":26,"column":30}},"loc":{"start":{"line":26,"column":35},"end":{"line":29,"column":1}},"line":26},"6":{"name":"(anonymous_6)","decl":{"start":{"line":27,"column":35},"end":{"line":27,"column":36}},"loc":{"start":{"line":27,"column":45},"end":{"line":27,"column":60}},"line":27},"7":{"name":"(anonymous_7)","decl":{"start":{"line":31,"column":18},"end":{"line":31,"column":19}},"loc":{"start":{"line":31,"column":29},"end":{"line":31,"column":40}},"line":31},"8":{"name":"(anonymous_8)","decl":{"start":{"line":33,"column":17},"end":{"line":33,"column":18}},"loc":{"start":{"line":33,"column":27},"end":{"line":38,"column":1}},"line":33},"9":{"name":"(anonymous_9)","decl":{"start":{"line":40,"column":17},"end":{"line":40,"column":18}},"loc":{"start":{"line":40,"column":53},"end":{"line":47,"column":1}},"line":40}},"branchMap":{"0":{"loc":{"start":{"line":5,"column":2},"end":{"line":7,"column":3}},"type":"if","locations":[{"start":{"line":5,"column":2},"end":{"line":7,"column":3}},{"start":{},"end":{}}],"line":5},"1":{"loc":{"start":{"line":34,"column":16},"end":{"line":34,"column":33}},"type":"binary-expr","locations":[{"start":{"line":34,"column":16},"end":{"line":34,"column":27}},{"start":{"line":34,"column":31},"end":{"line":34,"column":33}}],"line":34},"2":{"loc":{"start":{"line":40,"column":25},"end":{"line":40,"column":35}},"type":"default-arg","locations":[{"start":{"line":40,"column":33},"end":{"line":40,"column":35}}],"line":40},"3":{"loc":{"start":{"line":40,"column":37},"end":{"line":40,"column":48}},"type":"default-arg","locations":[{"start":{"line":40,"column":47},"end":{"line":40,"column":48}}],"line":40},"4":{"loc":{"start":{"line":43,"column":2},"end":{"line":44,"column":75}},"type":"if","locations":[{"start":{"line":43,"column":2},"end":{"line":44,"column":75}},{"start":{"line":44,"column":7},"end":{"line":44,"column":75}}],"line":43},"5":{"loc":{"start":{"line":44,"column":7},"end":{"line":44,"column":75}},"type":"if","locations":[{"start":{"line":44,"column":7},"end":{"line":44,"column":75}},{"start":{},"end":{}}],"line":44}},"s":{"0":2,"1":23,"2":2,"3":23,"4":23,"5":21,"6":2,"7":2,"8":4,"9":8,"10":4,"11":4,"12":2,"13":1,"14":1,"15":1,"16":1,"17":2,"18":1,"19":2,"20":1,"21":2,"22":3,"23":2,"24":13,"25":13,"26":13,"27":13,"28":2,"29":3,"30":3,"31":1,"32":2,"33":2,"34":3,"35":3},"f":{"0":23,"1":23,"2":4,"3":8,"4":1,"5":1,"6":2,"7":3,"8":13,"9":3},"b":{"0":[21,2],"1":[13,0],"2":[0],"3":[1],"4":[1,2],"5":[2,0]},"_coverageSchema":"1a1c01bbd47fc00a2c39e90264f33305004495a9","hash":"25856b22eff52fbd020f2b89d89f5dd0081341ff"}
}
