TN:
SF:src\modules\renderTask.js
FN:11,(anonymous_0)
FN:15,(anonymous_1)
FN:17,(anonymous_2)
FN:21,(anonymous_3)
FN:30,(anonymous_4)
FN:45,(anonymous_5)
FN:58,(anonymous_6)
FN:67,(anonymous_7)
FN:87,(anonymous_8)
FN:92,(anonymous_9)
FN:96,(anonymous_10)
FN:102,(anonymous_11)
FN:123,(anonymous_12)
FNF:13
FNH:7
FNDA:1,(anonymous_0)
FNDA:2,(anonymous_1)
FNDA:21,(anonymous_2)
FNDA:39,(anonymous_3)
FNDA:0,(anonymous_4)
FNDA:2,(anonymous_5)
FNDA:0,(anonymous_6)
FNDA:0,(anonymous_7)
FNDA:13,(anonymous_8)
FNDA:1,(anonymous_9)
FNDA:0,(anonymous_10)
FNDA:0,(anonymous_11)
FNDA:0,(anonymous_12)
DA:11,2
DA:12,1
DA:15,2
DA:17,2
DA:18,21
DA:19,21
DA:21,21
DA:22,39
DA:23,39
DA:24,39
DA:25,39
DA:27,39
DA:28,39
DA:29,39
DA:30,39
DA:32,39
DA:33,39
DA:34,39
DA:36,39
DA:37,39
DA:38,39
DA:39,39
DA:41,39
DA:42,39
DA:43,39
DA:44,39
DA:45,39
DA:46,2
DA:47,2
DA:50,39
DA:51,39
DA:52,39
DA:53,39
DA:54,39
DA:55,39
DA:56,39
DA:58,39
DA:59,0
DA:60,0
DA:61,0
DA:62,0
DA:63,0
DA:64,0
DA:67,39
DA:68,0
DA:69,0
DA:70,0
DA:71,0
DA:72,0
DA:73,0
DA:76,39
DA:77,39
DA:78,39
DA:79,39
DA:80,39
DA:81,39
DA:83,39
DA:87,2
DA:89,13
DA:92,2
DA:93,1
DA:96,2
DA:97,0
DA:100,2
DA:102,2
DA:103,0
DA:104,0
DA:105,0
DA:106,0
DA:107,0
DA:108,0
DA:109,0
DA:110,0
DA:114,0
DA:117,0
DA:118,0
DA:119,0
DA:123,2
DA:124,0
DA:125,0
DA:126,0
DA:127,0
DA:128,0
LF:83
LH:53
BRDA:34,0,0,2
BRDA:34,0,1,37
BRDA:106,1,0,0
BRDA:106,1,1,0
BRDA:106,2,0,0
BRDA:106,2,1,0
BRDA:106,2,2,0
BRDA:112,3,0,0
BRDA:112,3,1,0
BRDA:126,4,0,0
BRDA:126,4,1,0
BRF:11
BRH:2
end_of_record
TN:
SF:src\modules\storage.js
FN:1,(anonymous_0)
FN:3,(anonymous_1)
FN:11,(anonymous_2)
FN:12,(anonymous_3)
FN:19,(anonymous_4)
FN:26,(anonymous_5)
FN:27,(anonymous_6)
FN:31,(anonymous_7)
FN:33,(anonymous_8)
FN:40,(anonymous_9)
FNF:10
FNH:10
FNDA:23,(anonymous_0)
FNDA:23,(anonymous_1)
FNDA:4,(anonymous_2)
FNDA:8,(anonymous_3)
FNDA:1,(anonymous_4)
FNDA:1,(anonymous_5)
FNDA:2,(anonymous_6)
FNDA:3,(anonymous_7)
FNDA:13,(anonymous_8)
FNDA:3,(anonymous_9)
DA:1,23
DA:3,2
DA:4,23
DA:5,23
DA:6,21
DA:8,2
DA:11,2
DA:12,4
DA:13,8
DA:15,4
DA:16,4
DA:19,2
DA:20,1
DA:21,1
DA:22,1
DA:23,1
DA:26,2
DA:27,2
DA:28,1
DA:31,3
DA:33,2
DA:34,13
DA:35,13
DA:36,13
DA:37,13
DA:40,2
DA:42,3
DA:43,3
DA:44,2
DA:45,3
DA:46,3
LF:31
LH:31
BRDA:5,0,0,21
BRDA:5,0,1,2
BRDA:34,1,0,13
BRDA:34,1,1,0
BRDA:40,2,0,0
BRDA:40,3,0,1
BRDA:43,4,0,1
BRDA:43,4,1,2
BRDA:44,5,0,2
BRDA:44,5,1,0
BRF:10
BRH:7
end_of_record
